2025-07-18 15:47:52 | INFO | 游릭 Server running at 3001
2025-10-15 16:38:59 | INFO | 游릭 Server running at 3001
2025-10-15 16:39:07 | INFO | GET /
2025-10-15 16:39:16 | INFO | GET /health
2025-10-15 16:39:20 | INFO | GET /healths
2025-10-15 16:39:32 | INFO | GET /health
2025-10-15 16:40:13 | INFO | GET /health
2025-10-15 16:40:14 | INFO | GET /health
2025-10-15 16:40:14 | INFO | GET /health
2025-10-15 16:49:18 | INFO | 游릭 Server running at 3001
2025-10-15 16:49:20 | INFO | GET /health
2025-10-15 16:49:21 | INFO | GET /health
2025-10-15 16:49:22 | INFO | GET /health
2025-10-15 16:52:18 | INFO | GET /health
2025-10-15 16:52:34 | INFO | 游릭 Server running at 3001
2025-10-15 16:52:35 | INFO | GET /health
2025-10-15 16:52:37 | INFO | GET /health
2025-10-15 16:52:39 | INFO | GET /health
2025-10-15 16:52:39 | INFO | GET /health
2025-10-15 16:52:43 | INFO | 游릭 Server running at 3001
2025-10-15 16:52:54 | INFO | 游릭 Server running at 3001
2025-10-15 16:53:03 | INFO | GET /health
2025-10-15 16:53:04 | INFO | GET /health
2025-10-15 16:53:04 | INFO | GET /health
2025-10-15 16:54:03 | INFO | 游릭 Server running at 3001
2025-10-15 16:54:05 | INFO | GET /health
2025-10-15 16:54:06 | INFO | GET /health
2025-10-15 16:54:06 | INFO | GET /health
2025-10-15 16:54:11 | INFO | 游릭 Server running at 3001
2025-10-15 16:54:48 | INFO | GET /health
2025-10-15 16:54:48 | INFO | GET /health
2025-10-15 16:54:49 | INFO | GET /health
2025-10-15 16:54:49 | INFO | GET /health
2025-10-15 16:56:53 | INFO | 游릭 Server running at 3001
2025-10-15 16:56:57 | INFO | GET /health
2025-10-15 16:57:02 | INFO | 游릭 Server running at 3001
2025-10-15 17:13:53 | INFO | 游릭 Server running at 3001
2025-10-15 17:13:58 | INFO | GET /health
2025-10-15 17:13:59 | INFO | GET /health
2025-10-15 17:14:45 | INFO | GET /health
2025-10-15 17:15:02 | INFO | 游릭 Server running at 3001
2025-10-15 17:15:08 | INFO | 游릭 Server running at 3001
2025-10-15 17:15:08 | INFO | 游릭 Server running at 3001
2025-10-15 17:15:09 | INFO | 游릭 Server running at 3001
2025-10-15 17:15:12 | INFO | GET /health
2025-10-15 17:15:18 | INFO | 游릭 Server running at 3001
2025-10-15 17:15:20 | INFO | GET /health
2025-10-15 17:15:21 | INFO | GET /health
2025-10-15 17:15:22 | INFO | GET /health
2025-10-15 17:15:58 | INFO | 游릭 Server running at 3001
2025-10-15 17:16:23 | INFO | 游릭 Server running at 3001
2025-10-15 17:16:35 | INFO | GET /health
2025-10-15 17:17:11 | INFO | 游릭 Server running at 3001
2025-10-15 17:17:20 | INFO | GET /health
2025-10-15 17:17:28 | INFO | GET //health
2025-10-15 17:17:36 | INFO | 游릭 Server running at 3001
2025-10-15 17:17:45 | INFO | 游릭 Server running at 3001
2025-10-15 17:17:50 | INFO | 游릭 Server running at 3001
2025-10-15 17:17:52 | INFO | 游릭 Server running at 3001
2025-10-15 17:17:55 | INFO | GET //health
2025-10-15 17:17:55 | INFO | GET //health
2025-10-15 17:17:55 | INFO | GET //health
2025-10-15 17:17:56 | INFO | GET //health
2025-10-15 17:18:48 | INFO | 游릭 Server running at 3001
2025-10-15 17:18:57 | INFO | GET /health
2025-10-15 17:19:01 | INFO | GET /test
2025-10-15 17:19:01 | INFO | GET /favicon.ico
2025-10-15 17:19:17 | INFO | 游릭 Server running at 3001
2025-10-15 17:19:21 | INFO | 游릭 Server running at 3001
2025-10-15 17:19:25 | INFO | GET /health
2025-10-15 17:19:25 | INFO | GET /health
2025-10-15 17:20:03 | INFO | GET /health
2025-10-15 17:20:14 | INFO | GET /health
2025-10-15 17:20:14 | INFO | GET /health
2025-10-15 17:20:14 | INFO | GET /health
2025-10-15 17:20:17 | INFO | GET /test
2025-10-15 17:20:58 | INFO | 游릭 Server running at 3001
2025-10-15 17:21:13 | INFO | GET /
2025-10-15 17:21:17 | INFO | GET /test
2025-10-15 17:21:27 | INFO | GET /health
2025-10-15 17:21:28 | INFO | GET /health
2025-10-15 17:21:34 | INFO | GET //health
2025-10-15 17:21:54 | INFO | 游릭 Server running at 3001
2025-10-15 17:21:57 | INFO | GET //health
2025-10-15 17:22:02 | INFO | GET /health
2025-10-15 17:22:06 | INFO | GET /health
2025-10-15 17:22:06 | INFO | GET /health
2025-10-15 17:22:07 | INFO | GET /health
2025-10-15 17:22:07 | INFO | GET /health
2025-10-15 17:22:07 | INFO | GET /health
2025-10-15 17:22:15 | INFO | 游릭 Server running at 3001
2025-10-15 17:22:21 | INFO | 游릭 Server running at 3001
2025-10-15 17:22:23 | INFO | 游릭 Server running at 3001
2025-10-15 17:22:25 | INFO | GET /health
2025-10-15 17:23:49 | INFO | 游릭 Server running at 3001
2025-10-15 17:23:52 | INFO | GET /health
2025-10-15 17:30:43 | INFO | 游릭 Server running at 3001
2025-10-15 17:30:50 | INFO | 游릭 Server running at 3001
2025-10-15 17:31:22 | INFO | 游릭 Server running at 3001
2025-10-15 17:31:27 | INFO | 游릭 Server running at 3001
2025-10-15 17:31:30 | INFO | GET /health
2025-10-15 17:31:30 | INFO | GET /health
2025-10-15 17:31:30 | INFO | GET /health
